<?xml version="1.0" encoding="UTF-8"?>
<!-- Generated by org.testng.reporters.JUnitReportReporter -->
<testsuite hostname="SadhamHussain" failures="0" tests="7" name="org.create.Ignoring" time="0.009" errors="0" timestamp="23 Apr 2024 18:49:29 GMT" skipped="3">
  <testcase classname="org.create.Ignoring" name="Tc5" time="0.007"/>
  <testcase classname="org.create.Ignoring" name="Tc9" time="0.001"/>
  <testcase classname="org.create.Ignoring" name="Tc8" time="0.000"/>
  <testcase classname="org.create.Ignoring" name="Tc1" time="0.001"/>
  <testcase classname="org.create.Ignoring" name="Tc7">
    <skipped/>
  </testcase> <!-- Tc7 -->
  <testcase classname="org.create.Ignoring" name="Tc6">
    <skipped/>
  </testcase> <!-- Tc6 -->
  <testcase classname="org.create.Ignoring" name="Tc4">
    <skipped/>
  </testcase> <!-- Tc4 -->
</testsuite> <!-- org.create.Ignoring -->
