<?xml version="1.0" encoding="UTF-8"?>
<!-- Generated by org.testng.reporters.JUnitReportReporter -->
<testsuite hostname="SadhamHussain" failures="0" tests="3" name="org.create.Two" time="0.009" errors="0" timestamp="02 Jun 2024 10:17:17 GMT" skipped="0">
  <testcase classname="org.create.Two" name="Have" time="0.006"/>
  <testcase classname="org.create.Two" name="Great" time="0.001"/>
  <testcase classname="org.create.Two" name="Day" time="0.002"/>
</testsuite> <!-- org.create.Two -->
