<?xml version="1.0" encoding="UTF-8"?>
<!-- Generated by org.testng.reporters.JUnitReportReporter -->
<testsuite hostname="SadhamHussain" failures="0" tests="3" name="org.create.Z" time="0.012" errors="0" timestamp="02 Jun 2024 10:17:07 GMT" skipped="0">
  <testcase classname="org.create.Z" name="tc34" time="0.001"/>
  <testcase classname="org.create.Z" name="tc32" time="0.009"/>
  <testcase classname="org.create.Z" name="tc33" time="0.002"/>
</testsuite> <!-- org.create.Z -->
