<?xml version="1.0" encoding="UTF-8"?>
<!-- Generated by org.testng.reporters.JUnitReportReporter -->
<testsuite hostname="SadhamHussain" failures="0" tests="8" name="org.create.InvocationCount" time="0.017" errors="0" timestamp="23 Apr 2024 18:51:59 GMT" skipped="0">
  <testcase classname="org.create.InvocationCount" name="Tc2" time="0.000"/>
  <testcase classname="org.create.InvocationCount" name="Tc4" time="0.001"/>
  <testcase classname="org.create.InvocationCount" name="Tc1" time="0.007"/>
  <testcase classname="org.create.InvocationCount" name="Tc4" time="0.001"/>
  <testcase classname="org.create.InvocationCount" name="Tc4" time="0.001"/>
  <testcase classname="org.create.InvocationCount" name="Tc4" time="0.003"/>
  <testcase classname="org.create.InvocationCount" name="Tc4" time="0.002"/>
  <testcase classname="org.create.InvocationCount" name="Tc3" time="0.002"/>
</testsuite> <!-- org.create.InvocationCount -->
