<?xml version="1.0" encoding="UTF-8"?>
<!-- Generated by org.testng.reporters.JUnitReportReporter -->
<testsuite hostname="SadhamHussain" failures="0" tests="6" name="org.TestNGCheck.prioirtyClass" time="0.012" errors="0" timestamp="20 Jun 2024 18:05:03 GMT" skipped="0">
  <testcase classname="org.TestNGCheck.prioirtyClass" name="login" time="0.007"/>
  <testcase classname="org.TestNGCheck.prioirtyClass" name="searchProduct" time="0.001"/>
  <testcase classname="org.TestNGCheck.prioirtyClass" name="selectPro" time="0.001"/>
  <testcase classname="org.TestNGCheck.prioirtyClass" name="addtoCart" time="0.001"/>
  <testcase classname="org.TestNGCheck.prioirtyClass" name="payBill" time="0.001"/>
  <testcase classname="org.TestNGCheck.prioirtyClass" name="logOut" time="0.001"/>
</testsuite> <!-- org.TestNGCheck.prioirtyClass -->
