<?xml version="1.0" encoding="UTF-8"?>
<!-- Generated by org.testng.reporters.JUnitReportReporter -->
<testsuite hostname="SadhamHussain" failures="0" tests="1" name="org.create.TestNGT" time="0.008" errors="0" timestamp="20 Jun 2024 08:55:46 GMT" skipped="0">
  <testcase classname="org.create.TestNGT" name="hey" time="0.008"/>
</testsuite> <!-- org.create.TestNGT -->
