<?xml version="1.0" encoding="UTF-8"?>
<!-- Generated by org.testng.reporters.JUnitReportReporter -->
<testsuite hostname="SadhamHussain" failures="0" tests="1" name="org.create.Check" time="7.842" errors="0" timestamp="03 Aug 2024 19:00:32 GMT" skipped="0">
  <testcase classname="org.create.Check" name="helllo" time="7.842"/>
</testsuite> <!-- org.create.Check -->
