<?xml version="1.0" encoding="UTF-8"?>
<!-- Generated by org.testng.reporters.JUnitReportReporter -->
<testsuite hostname="SadhamHussain" failures="0" tests="8" name="org.create.TestCase" time="0.011" errors="0" timestamp="23 Apr 2024 18:44:54 GMT" skipped="0">
  <testcase classname="org.create.TestCase" name="TC4" time="0.000"/>
  <testcase classname="org.create.TestCase" name="TC8" time="0.000"/>
  <testcase classname="org.create.TestCase" name="TC5" time="0.000"/>
  <testcase classname="org.create.TestCase" name="TC3" time="0.001"/>
  <testcase classname="org.create.TestCase" name="TC1" time="0.006"/>
  <testcase classname="org.create.TestCase" name="TC6" time="0.001"/>
  <testcase classname="org.create.TestCase" name="TC7" time="0.001"/>
  <testcase classname="org.create.TestCase" name="TC2" time="0.002"/>
</testsuite> <!-- org.create.TestCase -->
