<?xml version="1.0" encoding="UTF-8"?>
<!-- Generated by org.testng.reporters.JUnitReportReporter -->
<testsuite hostname="SadhamHussain" failures="0" tests="2" name="org.TestNGCheck.CheckingTNG" time="5.892" errors="0" timestamp="20 Jun 2024 17:46:40 GMT" skipped="0">
  <testcase classname="org.TestNGCheck.CheckingTNG" name="hey" time="0.001"/>
  <testcase classname="org.TestNGCheck.CheckingTNG" name="browser" time="5.891"/>
</testsuite> <!-- org.TestNGCheck.CheckingTNG -->
