<?xml version="1.0" encoding="UTF-8"?>
<!-- Generated by org.testng.reporters.JUnitReportReporter -->
<testsuite hostname="SadhamHussain" failures="0" tests="3" name="org.create.X" time="0.006" errors="0" timestamp="02 Jun 2024 10:17:07 GMT" skipped="0">
  <testcase classname="org.create.X" name="tc13" time="0.003"/>
  <testcase classname="org.create.X" name="tc12" time="0.001"/>
  <testcase classname="org.create.X" name="tc11" time="0.002"/>
</testsuite> <!-- org.create.X -->
