<?xml version="1.0" encoding="UTF-8"?>
<!-- Generated by org.testng.reporters.JUnitReportReporter -->
<testsuite hostname="SadhamHussain" failures="0" tests="3" name="org.create.y" time="0.006" errors="0" timestamp="02 Jun 2024 10:17:07 GMT" skipped="0">
  <testcase classname="org.create.y" name="tc22" time="0.004"/>
  <testcase classname="org.create.y" name="tc24" time="0.001"/>
  <testcase classname="org.create.y" name="tc23" time="0.001"/>
</testsuite> <!-- org.create.y -->
