<?xml version="1.0" encoding="UTF-8"?>
<!-- Generated by org.testng.reporters.JUnitReportReporter -->
<testsuite hostname="SadhamHussain" failures="0" tests="1" name="org.TestNGCheck.Employee" time="4.197" errors="0" timestamp="20 Jun 2024 17:46:40 GMT" skipped="0">
  <testcase classname="org.TestNGCheck.Employee" name="Checking" time="4.197"/>
</testsuite> <!-- org.TestNGCheck.Employee -->
