<?xml version="1.0" encoding="UTF-8"?>
<!-- Generated by org.testng.reporters.JUnitReportReporter -->
<testsuite hostname="SadhamHussain" failures="0" tests="3" name="org.create.One" time="0.002" errors="0" timestamp="02 Jun 2024 10:17:17 GMT" skipped="0">
  <testcase classname="org.create.One" name="Guys" time="0.001"/>
  <testcase classname="org.create.One" name="Hello" time="0.001"/>
  <testcase classname="org.create.One" name="GoodMorning" time="0.000"/>
</testsuite> <!-- org.create.One -->
