<?xml version="1.0" encoding="UTF-8"?>
<!-- Generated by org.testng.reporters.JUnitReportReporter -->
<testsuite hostname="SadhamHussain" failures="0" tests="6" name="org.create.Priority" time="0.013" errors="0" timestamp="05 May 2024 17:15:53 GMT" skipped="0">
  <testcase classname="org.create.Priority" name="tc5" time="0.008"/>
  <testcase classname="org.create.Priority" name="tc4" time="0.001"/>
  <testcase classname="org.create.Priority" name="tc1" time="0.001"/>
  <testcase classname="org.create.Priority" name="tc6" time="0.001"/>
  <testcase classname="org.create.Priority" name="tc2" time="0.001"/>
  <testcase classname="org.create.Priority" name="tc3" time="0.001"/>
</testsuite> <!-- org.create.Priority -->
