<?xml version="1.0" encoding="UTF-8"?>
<!-- Generated by org.testng.reporters.JUnitReportReporter -->
<testsuite hostname="SadhamHussain" failures="0" tests="3" name="org.create.Three" time="0.003" errors="0" timestamp="24 Apr 2024 17:58:31 GMT" skipped="0">
  <testcase classname="org.create.Three" name="god" time="0.000"/>
  <testcase classname="org.create.Three" name="bless" time="0.002"/>
  <testcase classname="org.create.Three" name="you" time="0.001"/>
</testsuite> <!-- org.create.Three -->
